00:00:00.000127 main     VirtualBox XPCOM Server 6.1.14 r140239 linux.amd64 (Sep  7 2020 21:01:30) release log
00:00:00.000128 main     Log opened 2020-09-15T16:33:55.369298000Z
00:00:00.000129 main     Build Type: release
00:00:00.000130 main     OS Product: Linux
00:00:00.000131 main     OS Release: 5.8.8-arch1-1
00:00:00.000131 main     OS Version: #1 SMP PREEMPT Wed, 09 Sep 2020 18:59:45 +0000
00:00:00.000145 main     DMI Product Name: Aspire VX5-591G
00:00:00.000153 main     DMI Product Version: V1.06
00:00:00.000156 main     Firmware type: UEFI
00:00:00.000741 main     Secure Boot: Disabled
00:00:00.000820 main     Host RAM: 7824MB (7.6GB) total, 4654MB (4.5GB) available
00:00:00.000836 main     Executable: /usr/lib/virtualbox/VBoxSVC
00:00:00.000836 main     Process ID: 37290
00:00:00.000836 main     Package type: LINUX_64BITS_GENERIC (OSE)
00:00:00.002280 main     IPC socket path: /tmp/.vbox-jesus-ipc/ipcd
00:00:00.107336 nspr-2   VirtualBox: object creation starts
00:00:00.107519 nspr-2   Home directory: '/home/jesus/.config/VirtualBox'
00:00:00.122213 nspr-2   NetIfAdpCtlOut: VBoxNetAdpCtl: Error while retrieving link speed for wlp2s0: VBoxNetAdpCtl: ioctl failed: Operation not supported
00:00:00.123272 nspr-2   HostDnsMonitor: initializing
00:00:00.123789 nspr-2   NAT: resolv.conf: nameserver 192.168.43.163
00:00:00.123841 nspr-2   HostDnsMonitor: updating information
00:00:00.123886 nspr-2   HostDnsMonitor: old information
00:00:00.123903 nspr-2     no server entries
00:00:00.123917 nspr-2     no domain set
00:00:00.123930 nspr-2     no search string entries
00:00:00.123943 nspr-2   HostDnsMonitor: new information
00:00:00.123955 nspr-2     server 1: 192.168.43.163
00:00:00.123970 nspr-2     no domain set
00:00:00.123982 nspr-2     no search string entries
00:00:00.129535 nspr-2   Failed to open "/dev/vboxdrvu", errno=2, rc=VERR_VM_DRIVER_NOT_INSTALLED
00:00:00.130025 nspr-2   VD: VDInit finished with VINF_SUCCESS
00:00:00.130322 nspr-2   ERROR [COM]: aRC=NS_ERROR_FAILURE (0x80004005) aIID={027bc463-929c-40e8-bf16-fea557cd8e7e} aComponent={SystemPropertiesWrap} aText={Cannot determine default Guest Additions ISO location. Most likely they are not available}, preserve=false aResultDetail=0
00:00:00.131605 nspr-2   VirtualBox: object created
00:00:09.221376 nspr-2   Saving settings file "/home/jesus/.config/VirtualBox/VirtualBox.xml" with version "1.12-linux"
00:00:09.229339 nspr-3   Saving settings file "/home/jesus/.config/VirtualBox/VirtualBox.xml" with version "1.12-linux"
00:00:09.236867 nspr-2   Saving settings file "/home/jesus/.config/VirtualBox/VirtualBox.xml" with version "1.12-linux"
00:00:09.247514 nspr-3   Saving settings file "/home/jesus/.config/VirtualBox/VirtualBox.xml" with version "1.12-linux"
00:00:09.258957 nspr-3   Saving settings file "/home/jesus/.config/VirtualBox/VirtualBox.xml" with version "1.12-linux"
00:00:09.267113 nspr-2   Saving settings file "/home/jesus/.config/VirtualBox/VirtualBox.xml" with version "1.12-linux"
00:00:09.275173 nspr-3   Saving settings file "/home/jesus/.config/VirtualBox/VirtualBox.xml" with version "1.12-linux"
00:00:14.795703 main     VirtualBox: object deletion starts
00:00:14.796440 main     HostDnsMonitor: shutting down ...
00:00:14.804768 main     HostDnsMonitor: shut down
00:00:15.137084 Watcher  ERROR [COM]: aRC=E_ACCESSDENIED (0x80070005) aIID={d0a0163f-e254-4e5b-a1f2-011cf991c38d} aComponent={VirtualBoxWrap} aText={The object is not ready}, preserve=false aResultDetail=0
